mode: set
github.com/zmqge/vireo-gin-admin/main.go:7.13,9.2 1 0
github.com/zmqge/vireo-gin-admin/app/models/permission.go:28.66,33.32 4 0
github.com/zmqge/vireo-gin-admin/app/models/permission.go:33.32,41.3 2 0
github.com/zmqge/vireo-gin-admin/app/models/permission.go:42.2,42.13 1 0
github.com/zmqge/vireo-gin-admin/app/models/permission.go:45.67,59.2 3 0
github.com/zmqge/vireo-gin-admin/app/models/permission.go:61.53,69.2 3 0
github.com/zmqge/vireo-gin-admin/app/models/user.go:26.53,29.2 2 0
github.com/zmqge/vireo-gin-admin/app/models/user.go:31.41,38.2 3 0
github.com/zmqge/vireo-gin-admin/app/services/mfa.go:15.31,17.2 1 0
github.com/zmqge/vireo-gin-admin/app/services/mfa.go:20.76,26.16 2 0
github.com/zmqge/vireo-gin-admin/app/services/mfa.go:26.16,28.3 1 0
github.com/zmqge/vireo-gin-admin/app/services/mfa.go:31.2,36.46 2 0
github.com/zmqge/vireo-gin-admin/app/services/mfa.go:36.46,38.3 1 0
github.com/zmqge/vireo-gin-admin/app/services/mfa.go:40.2,40.37 1 0
github.com/zmqge/vireo-gin-admin/app/services/mfa.go:44.68,46.76 2 0
github.com/zmqge/vireo-gin-admin/app/services/mfa.go:46.76,48.3 1 0
github.com/zmqge/vireo-gin-admin/app/services/mfa.go:49.2,49.51 1 0
github.com/zmqge/vireo-gin-admin/app/services/mfa.go:53.45,55.2 1 0
github.com/zmqge/vireo-gin-admin/app/services/token.go:13.38,15.2 1 0
github.com/zmqge/vireo-gin-admin/app/services/token.go:18.74,22.2 3 0
github.com/zmqge/vireo-gin-admin/app/services/token.go:25.69,29.2 3 0
github.com/zmqge/vireo-gin-admin/app/services/token.go:32.62,36.2 3 0
github.com/zmqge/vireo-gin-admin/app/services/user.go:16.36,18.2 1 0
github.com/zmqge/vireo-gin-admin/app/services/user.go:20.77,24.71 3 0
github.com/zmqge/vireo-gin-admin/app/services/user.go:24.71,26.3 1 0
github.com/zmqge/vireo-gin-admin/app/services/user.go:28.2,29.75 2 0
github.com/zmqge/vireo-gin-admin/app/services/user.go:29.75,31.3 1 0
github.com/zmqge/vireo-gin-admin/app/services/user.go:33.2,33.26 1 0
github.com/zmqge/vireo-gin-admin/app/services/user.go:36.67,43.2 3 0
github.com/zmqge/vireo-gin-admin/app/services/user.go:45.83,48.80 3 0
github.com/zmqge/vireo-gin-admin/app/services/user.go:48.80,50.3 1 0
github.com/zmqge/vireo-gin-admin/app/services/user.go:52.2,52.95 1 0
github.com/zmqge/vireo-gin-admin/app/services/user.go:52.95,54.3 1 0
github.com/zmqge/vireo-gin-admin/app/services/user.go:55.2,55.19 1 0
github.com/zmqge/vireo-gin-admin/app/services/user.go:59.43,61.55 2 0
github.com/zmqge/vireo-gin-admin/app/services/user.go:61.55,63.3 1 0
github.com/zmqge/vireo-gin-admin/app/services/user.go:64.2,64.19 1 0
github.com/zmqge/vireo-gin-admin/app/services/user.go:67.50,69.2 1 0
github.com/zmqge/vireo-gin-admin/pkg/logger/logger.go:15.13,20.2 3 0
github.com/zmqge/vireo-gin-admin/pkg/logger/logger.go:22.48,24.2 1 0
github.com/zmqge/vireo-gin-admin/pkg/logger/logger.go:26.47,28.2 1 0
github.com/zmqge/vireo-gin-admin/pkg/logger/logger.go:30.48,32.2 1 0
github.com/zmqge/vireo-gin-admin/pkg/response/response.go:5.48,7.2 1 0
github.com/zmqge/vireo-gin-admin/pkg/response/response.go:9.44,11.2 1 0
github.com/zmqge/vireo-gin-admin/pkg/response/response.go:13.45,15.2 1 0
github.com/zmqge/vireo-gin-admin/pkg/response/response.go:17.39,19.2 1 0
github.com/zmqge/vireo-gin-admin/pkg/response/response.go:21.65,23.2 1 0
github.com/zmqge/vireo-gin-admin/pkg/response/response.go:26.53,31.2 1 0
github.com/zmqge/vireo-gin-admin/pkg/cache/permission_cache.go:15.56,20.102 3 0
github.com/zmqge/vireo-gin-admin/pkg/cache/permission_cache.go:20.102,22.3 1 0
github.com/zmqge/vireo-gin-admin/pkg/cache/permission_cache.go:25.2,26.77 2 0
github.com/zmqge/vireo-gin-admin/pkg/cache/permission_cache.go:26.77,28.3 1 0
github.com/zmqge/vireo-gin-admin/pkg/cache/permission_cache.go:29.2,30.25 2 0
github.com/zmqge/vireo-gin-admin/pkg/cache/permission_cache.go:34.45,37.2 2 0
github.com/zmqge/vireo-gin-admin/pkg/cache/redis.go:16.24,18.2 1 0
github.com/zmqge/vireo-gin-admin/pkg/cache/redis.go:20.47,22.16 2 0
github.com/zmqge/vireo-gin-admin/pkg/cache/redis.go:22.16,24.3 1 0
github.com/zmqge/vireo-gin-admin/pkg/cache/redis.go:25.2,25.36 1 0
github.com/zmqge/vireo-gin-admin/pkg/cache/redis.go:28.56,30.16 2 0
github.com/zmqge/vireo-gin-admin/pkg/cache/redis.go:30.16,32.3 1 0
github.com/zmqge/vireo-gin-admin/pkg/cache/redis.go:33.2,33.70 1 0
github.com/zmqge/vireo-gin-admin/migrations/20231010_seed_permissions.go:20.34,28.23 1 0
github.com/zmqge/vireo-gin-admin/migrations/20231010_seed_permissions.go:28.23,30.3 1 0
github.com/zmqge/vireo-gin-admin/migrations/20231010_seed_permissions.go:33.2,35.15 3 0
github.com/zmqge/vireo-gin-admin/migrations/20231010_seed_permissions.go:35.15,37.3 1 0
github.com/zmqge/vireo-gin-admin/migrations/20231010_seed_permissions.go:39.2,39.44 1 0
github.com/zmqge/vireo-gin-admin/migrations/20231010_seed_permissions.go:39.44,41.3 1 0
github.com/zmqge/vireo-gin-admin/migrations/20231010_seed_permissions.go:44.2,44.67 1 0
github.com/zmqge/vireo-gin-admin/migrations/20231010_seed_permissions.go:47.41,50.15 2 0
github.com/zmqge/vireo-gin-admin/migrations/20231010_seed_permissions.go:50.15,51.31 1 0
github.com/zmqge/vireo-gin-admin/migrations/20231010_seed_permissions.go:51.31,53.4 1 0
github.com/zmqge/vireo-gin-admin/migrations/20231010_seed_permissions.go:57.2,63.32 2 0
github.com/zmqge/vireo-gin-admin/migrations/20231010_seed_permissions.go:63.32,66.33 1 0
github.com/zmqge/vireo-gin-admin/migrations/20231010_seed_permissions.go:66.33,69.4 2 0
github.com/zmqge/vireo-gin-admin/migrations/20231010_seed_permissions.go:73.2,73.48 1 0
github.com/zmqge/vireo-gin-admin/migrations/20231010_seed_permissions.go:73.48,76.3 2 0
github.com/zmqge/vireo-gin-admin/migrations/20231010_seed_permissions.go:78.2,78.26 1 0
github.com/zmqge/vireo-gin-admin/migrations/20231010_seed_permissions.go:82.45,84.85 2 0
github.com/zmqge/vireo-gin-admin/migrations/20231010_seed_permissions.go:84.85,86.3 1 0
github.com/zmqge/vireo-gin-admin/migrations/20231010_seed_permissions.go:89.2,93.36 3 0
github.com/zmqge/vireo-gin-admin/migrations/20231010_seed_permissions.go:93.36,99.25 1 0
github.com/zmqge/vireo-gin-admin/migrations/20231010_seed_permissions.go:99.25,101.4 1 0
github.com/zmqge/vireo-gin-admin/migrations/20231010_seed_permissions.go:103.2,103.12 1 0
github.com/zmqge/vireo-gin-admin/migrations/add_super_admin.go:11.39,14.78 2 0
github.com/zmqge/vireo-gin-admin/migrations/add_super_admin.go:14.78,17.3 2 0
github.com/zmqge/vireo-gin-admin/migrations/add_super_admin.go:20.2,24.48 2 0
github.com/zmqge/vireo-gin-admin/migrations/add_super_admin.go:24.48,26.3 1 0
github.com/zmqge/vireo-gin-admin/migrations/add_super_admin.go:29.2,30.79 2 0
github.com/zmqge/vireo-gin-admin/migrations/add_super_admin.go:30.79,32.3 1 0
github.com/zmqge/vireo-gin-admin/migrations/add_super_admin.go:34.2,37.10 1 0
github.com/zmqge/vireo-gin-admin/pkg/redis/blacklist.go:15.63,19.2 3 0
github.com/zmqge/vireo-gin-admin/pkg/redis/blacklist.go:21.48,26.2 4 0
github.com/zmqge/vireo-gin-admin/pkg/redis/redis.go:14.18,22.70 2 0
github.com/zmqge/vireo-gin-admin/pkg/redis/redis.go:22.70,23.46 1 0
github.com/zmqge/vireo-gin-admin/pkg/redis/redis.go:27.19,39.2 5 0
github.com/zmqge/vireo-gin-admin/pkg/database/db.go:14.24,25.16 4 0
github.com/zmqge/vireo-gin-admin/pkg/database/db.go:25.16,26.49 1 0
github.com/zmqge/vireo-gin-admin/pkg/database/db.go:28.2,28.11 1 0
github.com/zmqge/vireo-gin-admin/pkg/database/db.go:32.23,34.2 1 0
github.com/zmqge/vireo-gin-admin/pkg/database/db.go:37.14,38.15 1 0
github.com/zmqge/vireo-gin-admin/pkg/database/db.go:38.15,41.3 2 0
github.com/zmqge/vireo-gin-admin/pkg/database/hooks.go:11.33,13.99 1 0
github.com/zmqge/vireo-gin-admin/pkg/database/hooks.go:13.99,14.47 1 0
github.com/zmqge/vireo-gin-admin/pkg/database/hooks.go:14.47,16.4 1 0
github.com/zmqge/vireo-gin-admin/routes/mfa.go:11.52,16.2 4 0
github.com/zmqge/vireo-gin-admin/routes/mfa.go:16.2,18.3 1 0
github.com/zmqge/vireo-gin-admin/routes/permission_bind.go:10.65,12.37 2 0
github.com/zmqge/vireo-gin-admin/routes/permission_bind.go:12.37,16.3 1 0
github.com/zmqge/vireo-gin-admin/routes/routes.go:12.52,23.2 6 0
github.com/zmqge/vireo-gin-admin/routes/routes.go:23.2,27.3 3 0
github.com/zmqge/vireo-gin-admin/routes/routes.go:30.2,30.61 1 0
github.com/zmqge/vireo-gin-admin/routes/routes.go:34.89,40.2 4 0
github.com/zmqge/vireo-gin-admin/routes/routes.go:43.105,49.2 3 0
github.com/zmqge/vireo-gin-admin/routes/routes.go:49.2,53.3 3 0
github.com/zmqge/vireo-gin-admin/routes/routes.go:53.3,56.4 2 0
github.com/zmqge/vireo-gin-admin/routes/routes.go:59.3,60.3 2 0
github.com/zmqge/vireo-gin-admin/routes/routes.go:60.3,63.4 2 0
github.com/zmqge/vireo-gin-admin/pkg/utils/slice.go:4.47,5.26 1 0
github.com/zmqge/vireo-gin-admin/pkg/utils/slice.go:5.26,6.15 1 0
github.com/zmqge/vireo-gin-admin/pkg/utils/slice.go:6.15,8.4 1 0
github.com/zmqge/vireo-gin-admin/pkg/utils/slice.go:10.2,10.14 1 0
